z:\cs-278-1\ex01_addtwo\project32_vs2015\debug\project.pdb
z:\cs-278-1\sandbox\03oct\sandbox\project32_vs2015\debug\project.ilk
z:\cs-278-1\sandbox\03oct\sandbox\project32_vs2015\debug\project.exe
z:\cs-278-1\sandbox\03oct\sandbox\project32_vs2015\debug\project.pdb
z:\cs-278-1\sandbox\03oct\addressarithmetic\debug\project.pdb
z:\cs-278-1\sandbox\10oct\stacks\debug\project.ilk
z:\cs-278-1\sandbox\10oct\stacks\debug\project.exe
z:\cs-278-1\sandbox\10oct\stacks\debug\project.pdb
z:\cs-278-1\sandbox\19oct\jumps\debug\project.ilk
z:\cs-278-1\sandbox\19oct\jumps\debug\project.exe
z:\cs-278-1\sandbox\19oct\jumps\debug\project.pdb
z:\cs-278-1\finalproject\hangman\debug\project.ilk
z:\cs-278-1\finalproject\hangman\debug\project.exe
z:\cs-278-1\finalproject\hangman\debug\project.pdb
z:\cs-278-1\sandbox\03oct\sandbox\project32_vs2015\debug\addtwo.obj
z:\cs-278-1\sandbox\03oct\addressarithmetic\debug\addtwo.obj
z:\cs-278-1\sandbox\10oct\stacks\debug\addtwo.obj
z:\cs-278-1\sandbox\19oct\jumps\debug\jumps.obj
z:\cs-278-1\finalproject\hangman\debug\hangman.obj
z:\cs-278-1\finalproject\hangman\debug\jumps.obj
z:\cs-278-1\finalproject\hangman\debug\project.tlog\link.command.1.tlog
z:\cs-278-1\finalproject\hangman\debug\project.tlog\link.read.1.tlog
z:\cs-278-1\finalproject\hangman\debug\project.tlog\link.write.1.tlog
z:\cs-278-1\finalproject\hangman\debug\project.tlog\project.write.1u.tlog
